<?xml version="1.0" encoding="UTF-8"?>
<!-- Generated by org.testng.reporters.JUnitReportReporter -->
<testsuite hostname="LAPTOP-QMLJP549" name="Script.LoginTest" tests="1" failures="0" timestamp="15 Jun 2019 10:12:08 GMT" time="80.224" errors="0">
  <testcase name="testValidLogin" time="80.224" classname="Script.LoginTest"/>
</testsuite> <!-- Script.LoginTest -->
