<?xml version="1.0" encoding="UTF-8"?>
<!-- Generated by org.testng.reporters.JUnitReportReporter -->
<testsuite hostname="LAPTOP-QMLJP549" name="Script.AddEmpTest" tests="1" failures="0" timestamp="15 Jun 2019 13:28:51 GMT" time="74.176" errors="0">
  <testcase name="Addemptest" time="74.176" classname="Script.AddEmpTest"/>
</testsuite> <!-- Script.AddEmpTest -->
